<?xml version="1.0" encoding="UTF-8"?>
<!-- Generated by org.testng.reporters.JUnitReportReporter -->
<testsuite skipped="0" hostname="DESKTOP-6D3FG3E" name="com.qa.testcases.InnosabiPageTest" tests="5" failures="0" timestamp="2021-05-20T11:21:00 CEST" time="29.382" errors="0">
  <testcase name="launchURL" time="6.111" classname="com.qa.testcases.InnosabiPageTest"/>
  <system-out/>
  <testcase name="loginIntoInnosabiSparkPortal" time="1.933" classname="com.qa.testcases.InnosabiPageTest"/>
  <system-out/>
  <testcase name="verifyinnovationChallengeLink" time="1.888" classname="com.qa.testcases.InnosabiPageTest"/>
  <system-out/>
  <testcase name="fillInnovativeIdeaAndSubmitDetails" time="14.877" classname="com.qa.testcases.InnosabiPageTest"/>
  <system-out/>
  <testcase name="verifyItemsInCart" time="4.573" classname="com.qa.testcases.InnosabiPageTest"/>
  <system-out/>
</testsuite> <!-- com.qa.testcases.InnosabiPageTest -->
